<?xml version="1.0" encoding="UTF-8"?>
<testng-results ignored="0" total="1" passed="1" failed="0" skipped="0">
  <reporter-output>
  </reporter-output>
  <suite started-at="2022-10-03T22:55:58 CDT" name="Default suite" finished-at="2022-10-03T22:56:16 CDT" duration-ms="18565">
    <groups>
    </groups>
    <test started-at="2022-10-03T22:55:58 CDT" name="Default test" finished-at="2022-10-03T22:56:16 CDT" duration-ms="18565">
      <class name="Eleven.Eleven.MainClass">
        <test-method signature="main()[pri:0, instance:Eleven.Eleven.MainClass@770d3326]" started-at="2022-10-03T22:55:58 CDT" name="main" finished-at="2022-10-03T22:56:16 CDT" duration-ms="18515" status="PASS">
          <reporter-output>
          </reporter-output>
        </test-method> <!-- main -->
      </class> <!-- Eleven.Eleven.MainClass -->
    </test> <!-- Default test -->
  </suite> <!-- Default suite -->
</testng-results>
